<?xml version="1.0" encoding="UTF-8"?>
<testng-results ignored="0" total="2" passed="2" failed="0" skipped="0">
  <reporter-output>
  </reporter-output>
  <suite started-at="2025-12-21T19:23:07 IST" name="LoginSuite" finished-at="2025-12-21T19:23:17 IST" duration-ms="10265">
    <groups>
    </groups>
    <test started-at="2025-12-21T19:23:07 IST" name="LoginTests" finished-at="2025-12-21T19:23:17 IST" duration-ms="10265">
      <class name="tests.LoginTest">
        <test-method is-config="true" signature="setupreport()[pri:0, instance:tests.LoginTest@40005471]" started-at="2025-12-21T19:23:07 IST" name="setupreport" finished-at="2025-12-21T19:23:07 IST" duration-ms="475" status="PASS">
          <reporter-output>
          </reporter-output>
        </test-method> <!-- setupreport -->
        <test-method is-config="true" signature="setup()[pri:0, instance:tests.LoginTest@40005471]" started-at="2025-12-21T19:23:07 IST" name="setup" finished-at="2025-12-21T19:23:12 IST" duration-ms="4407" status="PASS">
          <reporter-output>
          </reporter-output>
        </test-method> <!-- setup -->
        <test-method signature="testLoginwithIvalidCredentials()[pri:0, instance:tests.LoginTest@40005471]" started-at="2025-12-21T19:23:12 IST" name="testLoginwithIvalidCredentials" finished-at="2025-12-21T19:23:13 IST" duration-ms="1756" status="PASS">
          <reporter-output>
          </reporter-output>
        </test-method> <!-- testLoginwithIvalidCredentials -->
        <test-method is-config="true" signature="tearDown(org.testng.ITestResult)[pri:0, instance:tests.LoginTest@40005471]" started-at="2025-12-21T19:23:13 IST" name="tearDown" finished-at="2025-12-21T19:23:14 IST" duration-ms="346" status="PASS">
          <params>
            <param index="0">
              <value>
                <![CDATA[[TestResult name=testLoginwithIvalidCredentials status=SUCCESS method=LoginTest.testLoginwithIvalidCredentials()[pri:0, instance:tests.LoginTest@40005471] output={null}]]]>
              </value>
            </param>
          </params>
          <reporter-output>
          </reporter-output>
        </test-method> <!-- tearDown -->
        <test-method is-config="true" signature="setup()[pri:0, instance:tests.LoginTest@40005471]" started-at="2025-12-21T19:23:14 IST" name="setup" finished-at="2025-12-21T19:23:16 IST" duration-ms="2412" status="PASS">
          <reporter-output>
          </reporter-output>
        </test-method> <!-- setup -->
        <test-method signature="testvalidLogin(java.lang.String,java.lang.String)[pri:0, instance:tests.LoginTest@40005471]" started-at="2025-12-21T19:23:16 IST" name="testvalidLogin" finished-at="2025-12-21T19:23:17 IST" duration-ms="1037" status="PASS">
          <params>
            <param index="0">
              <value>
                <![CDATA[Username1]]>
              </value>
            </param>
            <param index="1">
              <value>
                <![CDATA[Pass1]]>
              </value>
            </param>
          </params>
          <reporter-output>
          </reporter-output>
        </test-method> <!-- testvalidLogin -->
        <test-method is-config="true" signature="tearDown(org.testng.ITestResult)[pri:0, instance:tests.LoginTest@40005471]" started-at="2025-12-21T19:23:17 IST" name="tearDown" finished-at="2025-12-21T19:23:17 IST" duration-ms="236" status="PASS">
          <params>
            <param index="0">
              <value>
                <![CDATA[[TestResult name=testvalidLogin status=SUCCESS method=LoginTest.testvalidLogin(java.lang.String,java.lang.String)[pri:0, instance:tests.LoginTest@40005471] output={null}]]]>
              </value>
            </param>
          </params>
          <reporter-output>
          </reporter-output>
        </test-method> <!-- tearDown -->
        <test-method is-config="true" signature="teardonReport()[pri:0, instance:tests.LoginTest@40005471]" started-at="2025-12-21T19:23:18 IST" name="teardonReport" finished-at="2025-12-21T19:23:18 IST" duration-ms="595" status="PASS">
          <reporter-output>
          </reporter-output>
        </test-method> <!-- teardonReport -->
      </class> <!-- tests.LoginTest -->
    </test> <!-- LoginTests -->
  </suite> <!-- LoginSuite -->
</testng-results>
