<?xml version="1.0" encoding="UTF-8"?>
<!-- Generated by org.testng.reporters.JUnitXMLReporter -->
<testsuite ignored="0" hostname="DESKTOP-KBHLJID" failures="1" tests="2" name="LoginTests" time="10.372" errors="0" timestamp="2025-12-21T16:12:02 IST">
  <testcase classname="tests.LoginTest" name="testLoginwithIvalidCredentials" time="2.296"/>
  <testcase classname="tests.LoginTest" name="testvalidLogin" time="1.047">
    <failure type="java.lang.AssertionError" message="expected [Just a moment...] but found [nopCommerce demo store. Login]">
      <![CDATA[java.lang.AssertionError: expected [Just a moment...] but found [nopCommerce demo store. Login]
at tests.LoginTest.testvalidLogin(LoginTest.java:70)
at java.base/java.util.ArrayList.forEach(ArrayList.java:1596)
... Removed 31 stack frames]]>
    </failure>
  </testcase> <!-- testvalidLogin -->
</testsuite> <!-- LoginTests -->
